(---------------------------------------------------------------------)
(                                                                     )
(    CREATE SYMBOL                                                    )
(                                                                     )
(    Drawing          : comb_electrode.dra                            )
(    Software Version : 17.2S025                                      )
(    Date/Time        : Mon Feb 12 08:58:29 2018                      )
(                                                                     )
(---------------------------------------------------------------------)


Create Symbol of type: SHAPE
    Directory = C:/Users/Zain's Surface/Desktop/Cadence/SMA_fabA/layout
    Name      = comb_electrode.ssm
    User      = Zain's Surface
    Machine   = DESKTOP-VRN6FI2


Create symbol started.
 
 WARNING(SPMHA1-297): Create symbol illegal element. 3748794272 
CLINE  @3748794272
1)  mask                   = 5
2)  class                  = 6 = ETCH
3)  subclass               = 0 = TOP
4)  branch_link            = 3748794832
5)  branch_ptr             = 3748794832
6)  symbol_ins_link        = 0
7)  symbol_ins_ptr         = 0
8)  cp_link[0].owner       = 0
9)  cp_link[0].next        = 0
10) cp_link[1].owner       = 0
11) cp_link[1].next        = 0
12) first_segment          = 3748796248
13) first_text             = 0
14) first_relation         = 0
15) prev_branch_item       = 3748794832
16) unique_id              = 0

 WARNING(SPMHA1-297): Create symbol illegal element. 3748794272 
CLINE  @3748794272
1)  mask                   = 5
2)  class                  = 6 = ETCH
3)  subclass               = 0 = TOP
4)  branch_link            = 3748794832
5)  branch_ptr             = 3748794832
6)  symbol_ins_link        = 0
7)  symbol_ins_ptr         = 0
8)  cp_link[0].owner       = 0
9)  cp_link[0].next        = 0
10) cp_link[1].owner       = 0
11) cp_link[1].next        = 0
12) first_segment          = 3748796248
13) first_text             = 0
14) first_relation         = 0
15) prev_branch_item       = 3748794832
16) unique_id              = 0

 WARNING(SPMHA1-297): Create symbol illegal element. 

ERROR(SPMHA1-291): Create symbol has been aborted.

