(---------------------------------------------------------------------)
(                                                                     )
(    DRC Update                                                       )
(                                                                     )
(    Drawing          : SMA_fabA - Copy.brd                           )
(    Software Version : 17.2S025                                      )
(    Date/Time        : Thu Feb 15 21:32:06 2018                      )
(                                                                     )
(---------------------------------------------------------------------)


 ========= check       0 shapes                       0:00:00
 ========= check       0 standalone pins              0:00:00
 ========= check       2 symbols (pins,lines,text)    0:00:00
 ========= check       0 xnets                        0:00:00
 ========= check       0 nets                         0:00:00
 ========= check       0 standalone branches          0:00:00
 ========= check       0 standalone filled rectangles 0:00:00
 ========= check       0 standalone lines             0:00:00
 ========= check       9 standalone text              0:00:00
 ========= check       0 standalone rectangles        0:00:00

 ..... Total number of DRC errors  17

 ..... DRC update completed, total CPU time   0:00:00
 *************************************************************************

