(---------------------------------------------------------------------)
(                                                                     )
(    Allegro Netrev Import Logic                                      )
(                                                                     )
(    Drawing          : SMA_fabB_v1_040718.brd                        )
(    Software Version : 17.2P019                                      )
(    Date/Time        : Sat Apr 07 20:19:46 2018                      )
(                                                                     )
(---------------------------------------------------------------------)


------ Directives ------------

Ripup etch:                  No
Ripup delete first segment:  No
Ripup retain bondwire:       No
Ripup symbols:               Always
Missing symbol has error:    No
DRC update:                  Yes
Schematic directory:         'C:/Users/Zain's Surface/Documents/GitHub/SEA/Cadence/SMA_fabB_v1/layout/allegro'
Design Directory:            '.'
Old design name:             'C:/Users/Zain's Surface/Documents/GitHub/SEA/Cadence/SMA_fabB_v1/layout/SMA_fabB_v1_040718.brd'
New design name:             'C:/Users/Zain's Surface/Documents/GitHub/SEA/Cadence/SMA_fabB_v1/layout/SMA_fabB_v1_040718.brd'

CmdLine: netrev -$ -i C:/Users/Zain's Surface/Documents/GitHub/SEA/Cadence/SMA_fabB_v1/layout/allegro -y 1 -q netrev_constraint_report.xml C:/Users/Zain's Surface/Documents/GitHub/SEA/Cadence/SMA_fabB_v1/layout/#Taaaaab03208.tmp

------ Preparing to read pst files ------

Starting to read C:/Users/Zain's Surface/Documents/GitHub/SEA/Cadence/SMA_fabB_v1/layout/allegro/pstchip.dat 
   Finished reading C:/Users/Zain's Surface/Documents/GitHub/SEA/Cadence/SMA_fabB_v1/layout/allegro/pstchip.dat (00:00:00.08)
Starting to read C:/Users/Zain's Surface/Documents/GitHub/SEA/Cadence/SMA_fabB_v1/layout/allegro/pstxprt.dat 
   Finished reading C:/Users/Zain's Surface/Documents/GitHub/SEA/Cadence/SMA_fabB_v1/layout/allegro/pstxprt.dat (00:00:00.00)
Starting to read C:/Users/Zain's Surface/Documents/GitHub/SEA/Cadence/SMA_fabB_v1/layout/allegro/pstxnet.dat 
   Finished reading C:/Users/Zain's Surface/Documents/GitHub/SEA/Cadence/SMA_fabB_v1/layout/allegro/pstxnet.dat (00:00:00.01)

------ Oversights/Warnings/Errors ------


------ Library Paths ------
MODULEPATH =  . 
           c:/cadence/spb_17.2/share/local/pcb/modules 

PSMPATH =  C:/Cadence/SPB_17.2/share/pcb/pcb_lib/pcb_lib_sma/symbols 
           . 
           symbols 
           .. 
           ../symbols 
           c:/cadence/spb_17.2/share/local/pcb/symbols 
           c:/cadence/spb_17.2/share/pcb/pcb_lib/symbols 
           c:/cadence/spb_17.2/share/pcb/allegrolib/symbols 

PADPATH =  C:/Cadence/SPB_17.2/share/pcb/pcb_lib/pcb_lib_sma/symbols 
           . 
           symbols 
           .. 
           ../symbols 
           c:/cadence/spb_17.2/share/local/pcb/padstacks 
           c:/cadence/spb_17.2/share/pcb/pcb_lib/symbols 
           c:/cadence/spb_17.2/share/pcb/allegrolib/symbols 


------ Summary Statistics ------


netrev run on Apr 7 20:19:46 2018
   DESIGN NAME : 'SEA_FABB_V1'
   PACKAGING ON Mar  2 2016 00:37:24

   COMPILE 'logic'
   CHECK_PIN_NAMES OFF
   CROSS_REFERENCE OFF
   FEEDBACK OFF
   INCREMENTAL OFF
   INTERFACE_TYPE PHYSICAL
   MAX_ERRORS 500
   MERGE_MINIMUM 5
   NET_NAME_CHARS '#%&()*+-./:=>?@[]^_`|'
   NET_NAME_LENGTH 24
   OVERSIGHTS ON
   REPLACE_CHECK OFF
   SINGLE_NODE_NETS ON
   SPLIT_MINIMUM 0
   SUPPRESS   20
   WARNINGS ON

 No error detected
 No oversight detected
 No warning detected

cpu time      0:00:50
elapsed time  0:00:00

