(---------------------------------------------------------------------)
(                                                                     )
(    ARTWORK LOG                                                      )
(                                                                     )
(    Drawing          : SMA_Prototype_C.brd                           )
(    Software Version : 17.2S025                                      )
(    Date/Time        : Tue Mar 27 12:37:07 2018                      )
(                                                                     )
(---------------------------------------------------------------------)


 ---- Photoplot outline rectangle not found; using drawing extents.



Results from parameter file ...
    DEVICE-TYPE           GERBER_RS274X
    OUTPUT-UNITS          INCHES
    FILM-SIZE             2400000 1600000
    FORMAT                2.5
    ABORT-ON-ERROR        NO
    SCALE                 1
    SUPPRESS-LEAD-ZEROES  YES
    SUPPRESS-TRAIL-ZEROES NO
    SUPPRESS-EQUAL        YES
    UNDEF-APT-CONT        NO



================================================================
     PROCESSING FILM < TOP >
     TO FILE < C:/Users/Zain's Surface/Documents/GitHub/SEA/Cadence/SMA_Protoype_C/layout/TOP.art > ...
================================================================

  FILM PARAMETERS :
  ---------------------------------------------------------
  Undefined line width                10.000
  Mirror code                         NONE
  Rotate angle                        NONE
  Offset x:                           0.000
  Offset y:                           0.000
  Plot negative                       NO
  Suppress unconnected internal pads  NO
  Draw holes only                     NO

    WARNING: text composed 0 width line found at (225.000 -325.000)
           ... using undefined line width of 10.000

    WARNING: text having Multiple 0 width lines; all will be treated the same as the first.
           ... using undefined line width of 10.000



  APERTURES USED:
  ---------------------------------------------------------
  TYPE       SIZE/NAME                   ROT   MIRROR MODE 
  ---------------------------------------------------------
  CIRCLE     0.01000                                  DARK 
  CIRCLE     0.03000                                  DARK 
  RECTANGLE  0.03098     x 0.03402       0.000 NO     DARK 
  RECTANGLE  0.03598     x 0.06701       0.000 NO     DARK 
  RECTANGLE  0.06496     x 0.02559       0.000 NO     DARK 
  RECTANGLE  0.08000     x 0.18000       0.000 NO     DARK 
  RECTANGLE  0.08000     x 0.18000      90.000 NO     DARK 

     TOP created with warnings


================================================================
     PROCESSING FILM < OUTLINE >
     TO FILE < C:/Users/Zain's Surface/Documents/GitHub/SEA/Cadence/SMA_Protoype_C/layout/OUTLINE.art > ...
================================================================

  FILM PARAMETERS :
  ---------------------------------------------------------
  Undefined line width                10.000
  Mirror code                         NONE
  Rotate angle                        NONE
  Offset x:                           0.000
  Offset y:                           0.000
  Plot negative                       NO
  Suppress unconnected internal pads  NO
  Draw holes only                     NO



  APERTURES USED:
  ---------------------------------------------------------
  TYPE       SIZE/NAME                   ROT   MIRROR MODE 
  ---------------------------------------------------------
  CIRCLE     0.01000                                  DARK 

     OUTLINE created.


------------------------------------------------------
 SUMMARY:
        TOP created with warnings
        OUTLINE created.

 ARTWORK had warnings
