(---------------------------------------------------------------------)
(                                                                     )
(    Refresh Padstack                                                 )
(                                                                     )
(    Drawing          : VP0550.dra                                    )
(    Software Version : 17.2S025                                      )
(    Date/Time        : Tue Mar 20 15:02:42 2018                      )
(                                                                     )
(---------------------------------------------------------------------)


Tue Mar 20 15:02:42 2018				Page     1


------ Pad Stack Refresh Options ------

Input design  = 'C:/Users/Zain's Surface/Documents/GitHub/SEA/Cadence/SMA_fabB/pcb_lib/symbols/VP0550.dra'
Output design = ''
Reset symbol text and size locations   = 'NO'


------ Library Paths ------
PSMPATH =  C:/Users/Zains Surface/Documents/GitHub/SEA/Cadence/SMA_fabB/pcb_lib/symbols 
           . 
           symbols 
           .. 
           ../symbols 
           C:/Cadence/SPB_17.2/share/local/pcb/symbols 
           C:/Cadence/SPB_17.2/share/pcb/pcb_lib/symbols 
           C:/Cadence/SPB_17.2/share/pcb/allegrolib/symbols 

PADPATH =  C:/Users/Zains Surface/Documents/GitHub/SEA/Cadence/SMA_fabB/pcb_lib/symbols 
           . 
           symbols 
           .. 
           ../symbols 
           C:/Cadence/SPB_17.2/share/local/pcb/padstacks 
           C:/Cadence/SPB_17.2/share/pcb/pcb_lib/symbols 
           C:/Cadence/SPB_17.2/share/pcb/allegrolib/symbols 


------ Pad Stack Refresh Messages ------

'H30P'  pad stack refresh starting.

     'H30P'  pad stack refreshed successfully.
     
Completed refreshing all pad stacks successfully.
